<?xml version="1.0" encoding="utf-8"?><testsuites name="pytest tests"><testsuite name="pytest" errors="0" failures="0" skipped="0" tests="18" time="4.182" timestamp="2026-07-21T05:18:03.781039+00:00" hostname="agent-env-a59d3cf6-ec01-46ec-b1c7-737151e41003"><testcase classname="backend.tests.test_goldsmith_erp.TestAuth" name="test_login_json_success" time="0.245" /><testcase classname="backend.tests.test_goldsmith_erp.TestAuth" name="test_login_json_bad_password" time="0.082" /><testcase classname="backend.tests.test_goldsmith_erp.TestAuth" name="test_me" time="0.201" /><testcase classname="backend.tests.test_goldsmith_erp.TestDashboard" name="test_dashboard_shape" time="0.108" /><testcase classname="backend.tests.test_goldsmith_erp.TestClients" name="test_list_clients" time="0.093" /><testcase classname="backend.tests.test_goldsmith_erp.TestClients" name="test_filter_by_type" time="0.321" /><testcase classname="backend.tests.test_goldsmith_erp.TestClients" name="test_create_and_get_client" time="0.286" /><testcase classname="backend.tests.test_goldsmith_erp.TestOrders" name="test_list_orders_enriched" time="0.098" /><testcase classname="backend.tests.test_goldsmith_erp.TestOrders" name="test_create_order_with_custom_purity_and_image" time="0.535" /><testcase classname="backend.tests.test_goldsmith_erp.TestLedgers" name="test_gold_entry_auto_purity" time="0.191" /><testcase classname="backend.tests.test_goldsmith_erp.TestLedgers" name="test_gold_entry_custom_purity" time="0.188" /><testcase classname="backend.tests.test_goldsmith_erp.TestLedgers" name="test_silver_diamond_gemstone_cash" time="0.494" /><testcase classname="backend.tests.test_goldsmith_erp.TestLedgers" name="test_ledger_filters" time="0.603" /><testcase classname="backend.tests.test_goldsmith_erp.TestInvoices" name="test_create_invoice_math" time="0.193" /><testcase classname="backend.tests.test_goldsmith_erp.TestInventory" name="test_inventory_low_stock_flag" time="0.089" /><testcase classname="backend.tests.test_goldsmith_erp.TestNotifications" name="test_notifications" time="0.104" /><testcase classname="backend.tests.test_goldsmith_erp.TestSearch" name="test_search_kalyan" time="0.095" /><testcase classname="backend.tests.test_goldsmith_erp.TestKarigars" name="test_list_karigars_enriched" time="0.109" /></testsuite></testsuites>